[    7907ms] [INFO] %cDownload the React DevTools for a better development experience: https://react.dev/link/react-devtools font-weight:bold @ http://localhost:3000/_next/static/chunks/0_t._next_dist_0.-mfgz._.js:2925
[    7977ms] [LOG] [HMR] connected @ http://localhost:3000/_next/static/chunks/0_t._next_dist_0.-mfgz._.js:2925
[   10877ms] [WARNING] An iframe which has both allow-scripts and allow-same-origin for its sandbox attribute can escape its sandboxing. @ http://localhost:3000/games/duel-dash:0
[   11030ms] [LOG] [HMR] connected @ http://localhost:3000/_next/static/chunks/0_t._next_dist_0.-mfgz._.js:2925
[   47179ms] [LOG] [Fast Refresh] rebuilding @ http://localhost:3000/_next/static/chunks/0_t._next_dist_0.-mfgz._.js:2925
[   47180ms] [LOG] [Fast Refresh] rebuilding @ http://localhost:3000/_next/static/chunks/0_t._next_dist_0.-mfgz._.js:2925
[   48405ms] [LOG] [Fast Refresh] done in 1331ms @ http://localhost:3000/_next/static/chunks/0_t._next_dist_0.-mfgz._.js:2925
[   48405ms] [LOG] [Fast Refresh] done in 1336ms @ http://localhost:3000/_next/static/chunks/0_t._next_dist_0.-mfgz._.js:2925
[   48597ms] [LOG] [Fast Refresh] rebuilding @ http://localhost:3000/_next/static/chunks/0_t._next_dist_0.-mfgz._.js:2925
[   48597ms] [LOG] [Fast Refresh] rebuilding @ http://localhost:3000/_next/static/chunks/0_t._next_dist_0.-mfgz._.js:2925
[   48870ms] [LOG] [Fast Refresh] done in 378ms @ http://localhost:3000/_next/static/chunks/0_t._next_dist_0.-mfgz._.js:2925
[   48870ms] [LOG] [Fast Refresh] done in 379ms @ http://localhost:3000/_next/static/chunks/0_t._next_dist_0.-mfgz._.js:2925
[   79270ms] [LOG] [Fast Refresh] rebuilding @ http://localhost:3000/_next/static/chunks/0_t._next_dist_0.-mfgz._.js:2925
[   79271ms] [LOG] [Fast Refresh] rebuilding @ http://localhost:3000/_next/static/chunks/0_t._next_dist_0.-mfgz._.js:2925
[   79792ms] [LOG] [Fast Refresh] done in 617ms @ http://localhost:3000/_next/static/chunks/0_t._next_dist_0.-mfgz._.js:2925
[   79796ms] [LOG] [Fast Refresh] done in 631ms @ http://localhost:3000/_next/static/chunks/0_t._next_dist_0.-mfgz._.js:2925
[   79981ms] [LOG] [Fast Refresh] rebuilding @ http://localhost:3000/_next/static/chunks/0_t._next_dist_0.-mfgz._.js:2925
[   79981ms] [LOG] [Fast Refresh] rebuilding @ http://localhost:3000/_next/static/chunks/0_t._next_dist_0.-mfgz._.js:2925
[   80349ms] [LOG] [Fast Refresh] done in 468ms @ http://localhost:3000/_next/static/chunks/0_t._next_dist_0.-mfgz._.js:2925
[   80349ms] [LOG] [Fast Refresh] done in 468ms @ http://localhost:3000/_next/static/chunks/0_t._next_dist_0.-mfgz._.js:2925
[   80453ms] [LOG] [Fast Refresh] rebuilding @ http://localhost:3000/_next/static/chunks/0_t._next_dist_0.-mfgz._.js:2925
[   80454ms] [LOG] [Fast Refresh] rebuilding @ http://localhost:3000/_next/static/chunks/0_t._next_dist_0.-mfgz._.js:2925
[   80744ms] [LOG] [Fast Refresh] done in 393ms @ http://localhost:3000/_next/static/chunks/0_t._next_dist_0.-mfgz._.js:2925
[   80744ms] [LOG] [Fast Refresh] done in 394ms @ http://localhost:3000/_next/static/chunks/0_t._next_dist_0.-mfgz._.js:2925
[   80910ms] [LOG] [Fast Refresh] rebuilding @ http://localhost:3000/_next/static/chunks/0_t._next_dist_0.-mfgz._.js:2925
[   80910ms] [LOG] [Fast Refresh] rebuilding @ http://localhost:3000/_next/static/chunks/0_t._next_dist_0.-mfgz._.js:2925
[   80927ms] [LOG] [Fast Refresh] done in 118ms @ http://localhost:3000/_next/static/chunks/0_t._next_dist_0.-mfgz._.js:2925
[   80927ms] [LOG] [Fast Refresh] done in 118ms @ http://localhost:3000/_next/static/chunks/0_t._next_dist_0.-mfgz._.js:2925
[   90758ms] [LOG] [Fast Refresh] rebuilding @ http://localhost:3000/_next/static/chunks/0_t._next_dist_0.-mfgz._.js:2925
[   90758ms] [LOG] [Fast Refresh] rebuilding @ http://localhost:3000/_next/static/chunks/0_t._next_dist_0.-mfgz._.js:2925
[   91156ms] [LOG] [Fast Refresh] done in 504ms @ http://localhost:3000/_next/static/chunks/0_t._next_dist_0.-mfgz._.js:2925
[   91165ms] [LOG] [Fast Refresh] done in 507ms @ http://localhost:3000/_next/static/chunks/0_t._next_dist_0.-mfgz._.js:2925
[   91346ms] [LOG] [Fast Refresh] rebuilding @ http://localhost:3000/_next/static/chunks/0_t._next_dist_0.-mfgz._.js:2925
[   91346ms] [LOG] [Fast Refresh] rebuilding @ http://localhost:3000/_next/static/chunks/0_t._next_dist_0.-mfgz._.js:2925
[   91378ms] [LOG] [Fast Refresh] done in 132ms @ http://localhost:3000/_next/static/chunks/0_t._next_dist_0.-mfgz._.js:2925
[   91378ms] [LOG] [Fast Refresh] done in 133ms @ http://localhost:3000/_next/static/chunks/0_t._next_dist_0.-mfgz._.js:2925
[   91790ms] [LOG] [Fast Refresh] rebuilding @ http://localhost:3000/_next/static/chunks/0_t._next_dist_0.-mfgz._.js:2925
[   91790ms] [LOG] [Fast Refresh] rebuilding @ http://localhost:3000/_next/static/chunks/0_t._next_dist_0.-mfgz._.js:2925
[   91848ms] [LOG] [Fast Refresh] done in 158ms @ http://localhost:3000/_next/static/chunks/0_t._next_dist_0.-mfgz._.js:2925
[   91848ms] [LOG] [Fast Refresh] done in 159ms @ http://localhost:3000/_next/static/chunks/0_t._next_dist_0.-mfgz._.js:2925
[   99711ms] [LOG] [Fast Refresh] rebuilding @ http://localhost:3000/_next/static/chunks/0_t._next_dist_0.-mfgz._.js:2925
[   99711ms] [LOG] [Fast Refresh] rebuilding @ http://localhost:3000/_next/static/chunks/0_t._next_dist_0.-mfgz._.js:2925
[  100177ms] [LOG] [Fast Refresh] done in 566ms @ http://localhost:3000/_next/static/chunks/0_t._next_dist_0.-mfgz._.js:2925
[  100180ms] [LOG] [Fast Refresh] done in 575ms @ http://localhost:3000/_next/static/chunks/0_t._next_dist_0.-mfgz._.js:2925
[  100363ms] [LOG] [Fast Refresh] rebuilding @ http://localhost:3000/_next/static/chunks/0_t._next_dist_0.-mfgz._.js:2925
[  100363ms] [LOG] [Fast Refresh] rebuilding @ http://localhost:3000/_next/static/chunks/0_t._next_dist_0.-mfgz._.js:2925
[  100788ms] [LOG] [Fast Refresh] done in 527ms @ http://localhost:3000/_next/static/chunks/0_t._next_dist_0.-mfgz._.js:2925
[  100788ms] [LOG] [Fast Refresh] done in 527ms @ http://localhost:3000/_next/static/chunks/0_t._next_dist_0.-mfgz._.js:2925
[  105760ms] [LOG] [Fast Refresh] rebuilding @ http://localhost:3000/_next/static/chunks/0_t._next_dist_0.-mfgz._.js:2925
[  105760ms] [LOG] [Fast Refresh] rebuilding @ http://localhost:3000/_next/static/chunks/0_t._next_dist_0.-mfgz._.js:2925
[  106098ms] [LOG] [Fast Refresh] done in 440ms @ http://localhost:3000/_next/static/chunks/0_t._next_dist_0.-mfgz._.js:2925
[  106102ms] [LOG] [Fast Refresh] done in 450ms @ http://localhost:3000/_next/static/chunks/0_t._next_dist_0.-mfgz._.js:2925
[  106288ms] [LOG] [Fast Refresh] rebuilding @ http://localhost:3000/_next/static/chunks/0_t._next_dist_0.-mfgz._.js:2925
[  106289ms] [LOG] [Fast Refresh] rebuilding @ http://localhost:3000/_next/static/chunks/0_t._next_dist_0.-mfgz._.js:2925
[  106560ms] [LOG] [Fast Refresh] done in 372ms @ http://localhost:3000/_next/static/chunks/0_t._next_dist_0.-mfgz._.js:2925
[  106560ms] [LOG] [Fast Refresh] done in 372ms @ http://localhost:3000/_next/static/chunks/0_t._next_dist_0.-mfgz._.js:2925
[  129167ms] [LOG] [Fast Refresh] rebuilding @ http://localhost:3000/_next/static/chunks/0_t._next_dist_0.-mfgz._.js:2925
[  129169ms] [LOG] [Fast Refresh] rebuilding @ http://localhost:3000/_next/static/chunks/0_t._next_dist_0.-mfgz._.js:2925
[  129180ms] [LOG] [Fast Refresh] done in 68ms @ http://localhost:3000/_next/static/chunks/0_t._next_dist_0.-mfgz._.js:2925
[  129186ms] [LOG] [Fast Refresh] done in 76ms @ http://localhost:3000/_next/static/chunks/0_t._next_dist_0.-mfgz._.js:2925
[  129367ms] [LOG] [Fast Refresh] rebuilding @ http://localhost:3000/_next/static/chunks/0_t._next_dist_0.-mfgz._.js:2925
[  129367ms] [LOG] [Fast Refresh] rebuilding @ http://localhost:3000/_next/static/chunks/0_t._next_dist_0.-mfgz._.js:2925
[  129842ms] [LOG] [Fast Refresh] done in 584ms @ http://localhost:3000/_next/static/chunks/0_t._next_dist_0.-mfgz._.js:2925
[  129842ms] [LOG] [Fast Refresh] done in 584ms @ http://localhost:3000/_next/static/chunks/0_t._next_dist_0.-mfgz._.js:2925
[  129946ms] [LOG] [Fast Refresh] rebuilding @ http://localhost:3000/_next/static/chunks/0_t._next_dist_0.-mfgz._.js:2925
[  129947ms] [LOG] [Fast Refresh] rebuilding @ http://localhost:3000/_next/static/chunks/0_t._next_dist_0.-mfgz._.js:2925
[  130539ms] [ERROR] Error: Route "/games/duel-dash" used `Math.random()` inside a Client Component without a Suspense boundary above it. See more info here: https://nextjs.org/docs/messages/next-prerender-random-client
    at DefaultLogger.addLogLineListener (about://React/Server/C:%5CProjects%5CGami%5C.next%5Cdev%5Cserver%5Cchunks%5Cssr%5C0nw6_convex_dist_esm_0axc702._.js?9:1664:23)
    at instantiateDefaultLogger (about://React/Server/C:%5CProjects%5CGami%5C.next%5Cdev%5Cserver%5Cchunks%5Cssr%5C0nw6_convex_dist_esm_0axc702._.js?10:1701:12)
    at new ConvexReactClient (about://React/Server/C:%5CProjects%5CGami%5C.next%5Cdev%5Cserver%5Cchunks%5Cssr%5C0nw6_convex_dist_esm_0axc702._.js?11:6155:339)
    at module evaluation (about://React/Server/C:%5CProjects%5CGami%5C.next%5Cdev%5Cserver%5Cchunks%5Cssr%5C%5Broot-of-the-server%5D__0szvd9b._.js?12:79:16)
    at RootLayout (about://React/Server/C:%5CProjects%5CGami%5C.next%5Cdev%5Cserver%5Cchunks%5Cssr%5C%5Broot-of-the-server%5D__06jgzv4._.js?13:253:389)
    at resolveErrorDev (http://localhost:3000/_next/static/chunks/0_t._next_dist_compiled_react-server-dom-turbopack_0kqvlav._.js:1919:105)
    at getOutlinedModel (http://localhost:3000/_next/static/chunks/0_t._next_dist_compiled_react-server-dom-turbopack_0kqvlav._.js:1469:28)
    at parseModelString (http://localhost:3000/_next/static/chunks/0_t._next_dist_compiled_react-server-dom-turbopack_0kqvlav._.js:1584:50)
    at reviveModel (http://localhost:3000/_next/static/chunks/0_t._next_dist_compiled_react-server-dom-turbopack_0kqvlav._.js:2522:66)
    at reviveModel (http://localhost:3000/_next/static/chunks/0_t._next_dist_compiled_react-server-dom-turbopack_0kqvlav._.js:2525:61)
    at reviveModel (http://localhost:3000/_next/static/chunks/0_t._next_dist_compiled_react-server-dom-turbopack_0kqvlav._.js:2604:78)
    at parseModel (http://localhost:3000/_next/static/chunks/0_t._next_dist_compiled_react-server-dom-turbopack_0kqvlav._.js:2517:16)
    at initializeModelChunk (http://localhost:3000/_next/static/chunks/0_t._next_dist_compiled_react-server-dom-turbopack_0kqvlav._.js:1084:25)
    at resolveModelChunk (http://localhost:3000/_next/static/chunks/0_t._next_dist_compiled_react-server-dom-turbopack_0kqvlav._.js:986:43)
    at processFullStringRow (http://localhost:3000/_next/static/chunks/0_t._next_dist_compiled_react-server-dom-turbopack_0kqvlav._.js:2473:126)
    at processFullBinaryRow (http://localhost:3000/_next/static/chunks/0_t._next_dist_compiled_react-server-dom-turbopack_0kqvlav._.js:2393:9)
    at processBinaryChunk (http://localhost:3000/_next/static/chunks/0_t._next_dist_compiled_react-server-dom-turbopack_0kqvlav._.js:2502:221)
    at progress (http://localhost:3000/_next/static/chunks/0_t._next_dist_compiled_react-server-dom-turbopack_0kqvlav._.js:2689:13) @ http://localhost:3000/_next/static/chunks/0_t._next_dist_0.-mfgz._.js:3766
[  130726ms] [LOG] [Fast Refresh] done in 880ms @ http://localhost:3000/_next/static/chunks/0_t._next_dist_0.-mfgz._.js:2925
[  130726ms] [LOG] [Fast Refresh] done in 881ms @ http://localhost:3000/_next/static/chunks/0_t._next_dist_0.-mfgz._.js:2925
[  183215ms] [LOG] [Fast Refresh] rebuilding @ http://localhost:3000/_next/static/chunks/0_t._next_dist_0.-mfgz._.js:2925
[  183215ms] [LOG] [Fast Refresh] rebuilding @ http://localhost:3000/_next/static/chunks/0_t._next_dist_0.-mfgz._.js:2925
[  183217ms] [LOG] [Fast Refresh] done in 102ms @ http://localhost:3000/_next/static/chunks/0_t._next_dist_0.-mfgz._.js:2925
[  183217ms] [LOG] [Fast Refresh] done in 103ms @ http://localhost:3000/_next/static/chunks/0_t._next_dist_0.-mfgz._.js:2925
