[     285ms] [INFO] %cDownload the React DevTools for a better development experience: https://react.dev/link/react-devtools font-weight:bold @ http://localhost:3000/_next/static/chunks/0_t._next_dist_0.-mfgz._.js:2925
[     301ms] [LOG] [HMR] connected @ http://localhost:3000/_next/static/chunks/0_t._next_dist_0.-mfgz._.js:2925
[    2226ms] [WARNING] An iframe which has both allow-scripts and allow-same-origin for its sandbox attribute can escape its sandboxing. @ http://localhost:3000/games/mind-maze:0
[    2347ms] [LOG] [HMR] connected @ http://localhost:3000/_next/static/chunks/0_t._next_dist_0.-mfgz._.js:2925
[  248207ms] [WARNING] An iframe which has both allow-scripts and allow-same-origin for its sandbox attribute can escape its sandboxing. @ http://localhost:3000/games/pixel-rush:0
[  248349ms] [LOG] [HMR] connected @ http://localhost:3000/_next/static/chunks/0_t._next_dist_0.-mfgz._.js:2925
[  264533ms] [WARNING] Warning: Missing `Description` or `aria-describedby={undefined}` for {DialogContent}. @ http://localhost:3000/_next/static/chunks/0_t._next_dist_0.-mfgz._.js:2925
[  264535ms] [WARNING] Warning: Missing `Description` or `aria-describedby={undefined}` for {DialogContent}. @ http://localhost:3000/_next/static/chunks/0_t._next_dist_0.-mfgz._.js:2925
[  346973ms] [WARNING] An iframe which has both allow-scripts and allow-same-origin for its sandbox attribute can escape its sandboxing. @ http://localhost:3000/games/duel-dash:0
[  347088ms] [LOG] [HMR] connected @ http://localhost:3000/_next/static/chunks/0_t._next_dist_0.-mfgz._.js:2925
[  348169ms] [ERROR] [CONVEX M(signalClash:issueTicket)] [Request ID: 78722ad07c453917] Server Error
Could not find public function for 'signalClash:issueTicket'. Did you forget to run `npx convex dev`?
 @ http://localhost:3000/_next/static/chunks/0_t._next_dist_0.-mfgz._.js:3766
[  348174ms] Error: [CONVEX M(signalClash:issueTicket)] [Request ID: 78722ad07c453917] Server Error
Could not find public function for 'signalClash:issueTicket'. Did you forget to run `npx convex dev`?

  Called by client
    at BaseConvexClient.mutation (http://localhost:3000/_next/static/chunks/0nw6_convex_dist_esm_029nqhy._.js:4637:19)
    at async join (http://localhost:3000/_next/static/chunks/src_0c3z8i-._.js:811:24)
[  377151ms] [INFO] %cDownload the React DevTools for a better development experience: https://react.dev/link/react-devtools font-weight:bold @ http://localhost:3000/_next/static/chunks/0_t._next_dist_0.-mfgz._.js:2925
[  377188ms] [LOG] [HMR] connected @ http://localhost:3000/_next/static/chunks/0_t._next_dist_0.-mfgz._.js:2925
[  378382ms] [WARNING] An iframe which has both allow-scripts and allow-same-origin for its sandbox attribute can escape its sandboxing. @ http://localhost:3000/games/duel-dash:0
[  378520ms] [LOG] [HMR] connected @ http://localhost:3000/_next/static/chunks/0_t._next_dist_0.-mfgz._.js:2925
[  404404ms] [WARNING] Warning: Missing `Description` or `aria-describedby={undefined}` for {DialogContent}. @ http://localhost:3000/_next/static/chunks/0_t._next_dist_0.-mfgz._.js:2925
[  404407ms] [WARNING] Warning: Missing `Description` or `aria-describedby={undefined}` for {DialogContent}. @ http://localhost:3000/_next/static/chunks/0_t._next_dist_0.-mfgz._.js:2925
[  407424ms] [WARNING] An iframe which has both allow-scripts and allow-same-origin for its sandbox attribute can escape its sandboxing. @ http://localhost:3000/games/duel-dash:0
[  407577ms] [LOG] [HMR] connected @ http://localhost:3000/_next/static/chunks/0_t._next_dist_0.-mfgz._.js:2925
[  409479ms] [LOG] [Fast Refresh] rebuilding @ http://localhost:3000/_next/static/chunks/0_t._next_dist_0.-mfgz._.js:2925
[  409479ms] [LOG] [Fast Refresh] rebuilding @ http://localhost:3000/_next/static/chunks/0_t._next_dist_0.-mfgz._.js:2925
[  409511ms] [LOG] [Fast Refresh] done in 130ms @ http://localhost:3000/_next/static/chunks/0_t._next_dist_0.-mfgz._.js:2925
[  409513ms] [LOG] [Fast Refresh] done in 122ms @ http://localhost:3000/_next/static/chunks/0_t._next_dist_0.-mfgz._.js:2925
[  409695ms] [LOG] [Fast Refresh] rebuilding @ http://localhost:3000/_next/static/chunks/0_t._next_dist_0.-mfgz._.js:2925
[  409696ms] [LOG] [Fast Refresh] rebuilding @ http://localhost:3000/_next/static/chunks/0_t._next_dist_0.-mfgz._.js:2925
[  410096ms] [LOG] [Fast Refresh] done in 505ms @ http://localhost:3000/_next/static/chunks/0_t._next_dist_0.-mfgz._.js:2925
[  410096ms] [LOG] [Fast Refresh] done in 506ms @ http://localhost:3000/_next/static/chunks/0_t._next_dist_0.-mfgz._.js:2925
[  410467ms] [LOG] [Fast Refresh] rebuilding @ http://localhost:3000/_next/static/chunks/0_t._next_dist_0.-mfgz._.js:2925
[  410467ms] [LOG] [Fast Refresh] rebuilding @ http://localhost:3000/_next/static/chunks/0_t._next_dist_0.-mfgz._.js:2925
[  411159ms] [LOG] [Fast Refresh] done in 796ms @ http://localhost:3000/_next/static/chunks/0_t._next_dist_0.-mfgz._.js:2925
[  411159ms] [LOG] [Fast Refresh] done in 797ms @ http://localhost:3000/_next/static/chunks/0_t._next_dist_0.-mfgz._.js:2925
